2.000000
1.000000
1.000000
3.000000
1.000000
2.000000
1.000000
1268.000000
1203.000000
1362.000000
1457.000000
1374.000000
1343.000000
1466.000000
1344.000000
1259.000000
1533.000000
1231.000000
1612.000000
1271.000000
1436.000000
1454.000000
1534.000000
1248.000000
1602.000000
1395.000000
1289.000000
1638.000000
1325.000000
1525.000000
1572.000000
1304.000000
1460.000000
1550.000000
1506.000000
2084.000000
1293.000000
2096.000000
1418.000000
1446.000000
1709.000000
1630.000000
1461.000000
1483.000000
1414.000000
1545.000000
1624.000000
1421.000000
1535.000000
1571.000000
1548.000000
1297.000000
1492.000000
1504.000000
1222.000000
1569.000000
1326.000000
1680.000000
1231.000000
1701.000000
1347.000000
1421.000000
1537.000000
1293.000000
1592.000000
1227.000000
1453.000000
1408.000000
1782.000000
1834.000000
1339.000000
1290.000000
1399.000000
1480.000000
1384.000000
1323.000000
1585.000000
1435.000000
1449.000000
1502.000000
1421.000000
1610.000000
1648.000000
1399.000000
1679.000000
1296.000000
1615.000000
1435.000000
2000.000000
1505.000000
1592.000000
1456.000000
1481.000000
1740.000000
1269.000000
1444.000000
1490.000000
1387.000000
1499.000000
1568.000000
1402.000000
1591.000000
1312.000000
1729.000000
1383.000000
1497.000000
1504.000000
1548.000000
1416.000000
688.000000
1387.000000
892.000000
1306.000000
1092.000000
1430.000000
1387.000000
1605.000000
1342.000000
1378.000000
1329.000000
1321.000000
1475.000000
1394.000000
1513.000000
1510.000000
1464.000000
1448.000000
1474.000000
1511.000000
1601.000000
1425.000000
1677.000000
1465.000000
1439.000000
1656.000000
1255.000000
1587.000000
1217.000000
1441.000000
1359.000000
1736.000000
1230.000000
1751.000000
1555.000000
1428.000000
1375.000000
1384.000000
1398.000000
1354.000000
1518.000000
1190.000000
1605.000000
1343.000000
1653.000000
1454.000000
1374.000000
1822.000000
1433.000000
1477.000000
1519.000000
1609.000000
1596.000000
1654.000000
1405.000000
1534.000000
1476.000000
1541.000000
1401.000000
1511.000000
1413.000000
1516.000000
1420.000000
1483.000000
1382.000000
1558.000000
1275.000000
1641.000000
1231.000000
1623.000000
1248.000000
1411.000000
1594.000000
1235.000000
1403.000000
1597.000000
1456.000000
1206.000000
1455.000000
1682.000000
1314.000000
1629.000000
1264.000000
1636.000000
1248.000000
1460.000000
1587.000000
1241.000000
1579.000000
1263.000000
1591.000000
1583.000000
1651.000000
1625.000000
1557.000000
1533.000000
1360.000000
1461.000000
1444.000000
1561.000000
1371.000000
1506.000000
1392.000000
1447.000000
1283.000000
1372.000000
1493.000000
1213.000000
1539.000000
1426.000000
1241.000000
1382.000000
1685.000000
1280.000000
1422.000000
1625.000000
1199.000000
1604.000000
1307.000000
1581.000000
1367.000000
1378.000000
1401.000000
792.000000
944.000000
913.000000
360.000000
583.000000
852.000000
498.000000
580.000000
779.000000
977.000000
1349.000000
1226.000000
1279.000000
1425.000000
1465.000000
1386.000000
1349.000000
1376.000000
1321.000000
1533.000000
1504.000000
1418.000000
1520.000000
1386.000000
1571.000000
1342.000000
1562.000000
1340.000000
1383.000000
1349.000000
1512.000000
1398.000000
1226.000000
1449.000000
1247.000000
1556.000000
1353.000000
1296.000000
1316.000000
1671.000000
1297.000000
1496.000000
1280.000000
1559.000000
1256.000000
1561.000000
1264.000000
1424.000000
1556.000000
1273.000000
1597.000000
1310.000000
1498.000000
1308.000000
1509.000000
1341.000000
1366.000000
1510.000000
1466.000000
1562.000000
1562.000000
1486.000000
1616.000000
1359.000000
1640.000000
1264.000000
1613.000000
1279.000000
1466.000000
1588.000000
1239.000000
1584.000000
1252.000000
1343.000000
1484.000000
450.000000
1.000000
1.000000
1156.000000
1175.000000
1356.000000
1453.000000
1375.000000
1343.000000
1486.000000
1331.000000
1263.000000
1521.000000
1239.000000
1638.000000
1250.000000
1431.000000
1470.000000
1519.000000
1263.000000
1590.000000
1384.000000
1313.000000
1609.000000
1366.000000
1536.000000
1526.000000
1360.000000
1458.000000
1495.000000
1526.000000
1923.000000
1503.000000
1949.000000
1639.000000
1427.000000
1691.000000
1538.000000
1589.000000
1339.000000
1433.000000
1511.000000
1699.000000
1333.000000
1541.000000
1612.000000
1512.000000
1310.000000
1482.000000
1536.000000
1199.000000
1562.000000
1353.000000
1631.000000
617.000000
3.000000
13.000000
21.000000
29.000000
25.000000
40.000000
45.000000
46.000000
42.000000
36.000000
3017.000000
2960.000000
2960.000000
2850.000000
2948.000000
2952.000000
2935.000000
2935.000000
2906.000000
2831.000000
2748.000000
2886.000000
2930.000000
2749.000000
2849.000000
2794.000000
2789.000000
2817.000000
2864.000000
2866.000000
2834.000000
2949.000000
2653.000000
2820.000000
2552.000000
2802.000000
2957.000000
2926.000000
2932.000000
2733.000000
2849.000000
2878.000000
2731.000000
2764.000000
2828.000000
2819.000000
2922.000000
2854.000000
2814.000000
2826.000000
2849.000000
2700.000000
2841.000000
2830.000000
2671.000000
2674.000000
314.000000
1.000000
1.000000
2.000000
2.000000
2.000000
3.000000
3.000000
3.000000
1.000000
1.000000
1.000000
1.000000
17.000000
13.000000
25.000000
28.000000
28.000000
25.000000
36.000000
44.000000
47.000000
44.000000
35.000000
2702.000000
2899.000000
2695.000000
2614.000000
2866.000000
2756.000000
2828.000000
2763.000000
2669.000000
2528.000000
2637.000000
2887.000000
2685.000000
2718.000000
2527.000000
2818.000000
2807.000000
2871.000000
2900.000000
2905.000000
2942.000000
2885.000000
2715.000000
2912.000000
2965.000000
2814.000000
2916.000000
2723.000000
2775.000000
2884.000000
2940.000000
2922.000000
2775.000000
2761.000000
2822.000000
2545.000000
2561.000000
2485.000000
2824.000000
2663.000000
2405.000000
1614.000000
1.000000
2.000000
1.000000
1.000000
1.000000
2.000000
2.000000
2.000000
1.000000
1.000000
1.000000
1.000000
2.000000
1.000000
28.000000
25.000000
34.000000
37.000000
32.000000
31.000000
27.000000
26.000000
32.000000
39.000000
2850.000000
2894.000000
2973.000000
2700.000000
2724.000000
2648.000000
2898.000000
2744.000000
2688.000000
2731.000000
2597.000000
2807.000000
2799.000000
2883.000000
2771.000000
2846.000000
2823.000000
2765.000000
2723.000000
2753.000000
2776.000000
2716.000000
2710.000000
2474.000000
2299.000000
2613.000000
2544.000000
2809.000000
2666.000000
2730.000000
2678.000000
2790.000000
2859.000000
2792.000000
2736.000000
2786.000000
2295.000000
2822.000000
2751.000000
2768.000000
476.000000
1.000000
1.000000
1.000000
1.000000
1.000000
1.000000
1.000000
1.000000
1.000000
1.000000
1.000000
1.000000
2.000000
16.000000
14.000000
24.000000
40.000000
34.000000
34.000000
30.000000
31.000000
35.000000
37.000000
34.000000
2881.000000
2783.000000
2899.000000
2945.000000
2773.000000
2849.000000
2798.000000
2926.000000
2834.000000
2895.000000
2993.000000
2780.000000
2940.000000
2886.000000
2916.000000
2924.000000
2892.000000
2824.000000
2840.000000
2937.000000
2944.000000
2907.000000
2918.000000
2837.000000
2867.000000
2719.000000
2774.000000
2835.000000
2752.000000
2774.000000
2726.000000
2775.000000
2872.000000
2824.000000
2840.000000
2927.000000
2653.000000
2871.000000
2821.000000
2891.000000
1976.000000
1.000000
1.000000
2.000000
2.000000
2.000000
1.000000
1.000000
1.000000
1.000000
1.000000
1.000000
1.000000
2.000000
3.000000
29.000000
30.000000
43.000000
44.000000
36.000000
40.000000
35.000000
32.000000
28.000000
34.000000
2864.000000
2940.000000
2994.000000
2890.000000
2855.000000
2882.000000
2860.000000
2930.000000
2816.000000
2789.000000
2799.000000
2826.000000
2991.000000
2959.000000
2980.000000
2944.000000
2844.000000
2756.000000
2714.000000
2820.000000
2798.000000
2874.000000
2958.000000
2945.000000
2798.000000
2798.000000
2886.000000
2695.000000
2660.000000
2391.000000
2883.000000
2676.000000
2872.000000
2796.000000
2072.000000
2638.000000
2760.000000
2765.000000
2806.000000
2886.000000
2696.000000
2785.000000
772.000000
1.000000
1.000000
1.000000
1.000000
1.000000
1.000000
1.000000
1.000000
1.000000
1.000000
1.000000
1.000000
1.000000
1.000000
1.000000
2.000000
1.000000
24.000000
21.000000
41.000000
47.000000
42.000000
32.000000
36.000000
34.000000
34.000000
30.000000
3022.000000
2956.000000
2983.000000
2900.000000
2583.000000
2750.000000
2792.000000
2606.000000
2867.000000
2793.000000
2844.000000
2766.000000
2864.000000
2863.000000
2849.000000
2848.000000
2764.000000
2862.000000
2749.000000
2877.000000
2976.000000
2820.000000
2801.000000
2778.000000
2919.000000
2877.000000
2875.000000
2890.000000
2822.000000
2829.000000
2845.000000
2926.000000
2922.000000
2175.000000
1.000000
1.000000
1.000000
1.000000
1.000000
1.000000
1.000000
1.000000
1.000000
1.000000
1.000000
1.000000
1.000000
1.000000
1.000000
1.000000
2.000000
35.000000
24.000000
34.000000
31.000000
35.000000
29.000000
28.000000
29.000000
35.000000
46.000000
2981.000000
2811.000000
2938.000000
2861.000000
2892.000000
2982.000000
2890.000000
2904.000000
2857.000000
2870.000000
2848.000000
2907.000000
2896.000000
2919.000000
2572.000000
2818.000000
2913.000000
2858.000000
2887.000000
2814.000000
2815.000000
2681.000000
2808.000000
2900.000000
2945.000000
2912.000000
2681.000000
2765.000000
2819.000000
2925.000000
2845.000000
2777.000000
2754.000000
551.000000
1.000000
1.000000
1.000000
1.000000
1.000000
1.000000
1.000000
1.000000
1.000000
1.000000
1.000000
1.000000
1.000000
1.000000
1.000000
1.000000
2.000000
2.000000
27.000000
17.000000
31.000000
35.000000
31.000000
29.000000
30.000000
37.000000
39.000000
33.000000
35.000000
2993.000000
2975.000000
2923.000000
2862.000000
2840.000000
2833.000000
2818.000000
2782.000000
2935.000000
2877.000000
2763.000000
2924.000000
2844.000000
2839.000000
2850.000000
2896.000000
2895.000000
2761.000000
2828.000000
2815.000000
2888.000000
2892.000000
2893.000000
2888.000000
2858.000000
2993.000000
2904.000000
2772.000000
2839.000000
2882.000000
2913.000000
1809.000000
1.000000
1.000000
1.000000
1.000000
1.000000
1.000000
1.000000
1.000000
1.000000
1.000000
1.000000
1.000000
1.000000
1.000000
1.000000
1.000000
1.000000
1.000000
3.000000
25.000000
14.000000
22.000000
35.000000
45.000000
46.000000
44.000000
33.000000
36.000000
21.000000
9.000000
1.000000
1.000000
1.000000
1.000000
1.000000
1.000000
1.000000
1.000000
1.000000
1.000000
1.000000
1.000000
1.000000
1.000000
1.000000
1.000000
1.000000
1.000000
1.000000
1.000000
1.000000
1.000000
1.000000
1.000000
1.000000
1.000000
1.000000
1.000000
1.000000
1.000000
1.000000
1.000000
1.000000
106.000000
46.000000
92.000000
93.000000
206.000000
158.000000
138.000000
138.000000
175.000000
173.000000
163.000000
165.000000
176.000000
185.000000
49.000000
2.000000
2.000000
9.000000
41.000000
1.000000
107.000000
41.000000
67.000000
12.000000
50.000000
1.000000
2.000000
2.000000
2.000000
44.000000
6.000000
2.000000
50.000000
2.000000
50.000000
1.000000
1.000000
50.000000
2.000000
3.000000
3.000000
1.000000
1.000000
1.000000
3.000000
54.000000
65.000000
75.000000
94.000000
75.000000
78.000000
64.000000
89.000000
127.000000
92.000000
116.000000
90.000000
135.000000
93.000000
101.000000
90.000000
95.000000
118.000000
76.000000
1.000000
2.000000
1.000000
1.000000
1.000000
13.000000
1.000000
15.000000
15.000000
15.000000
15.000000
15.000000
12.000000
14.000000
15.000000
5.000000
11.000000
1.000000
4.000000
3.000000
3.000000
4.000000
3.000000
4.000000
2.000000
2.000000
3.000000
3.000000
62.000000
11.000000
83.000000
1.000000
1.000000
1.000000
2.000000
3.000000
2.000000
1.000000
4.000000
3.000000
2.000000
1.000000
5.000000
1.000000
2.000000
1.000000
4.000000
1.000000
6.000000
10.000000
24.000000
1.000000
12.000000
2.000000
1.000000
3.000000
1.000000
3.000000
2.000000
2.000000
3.000000
2.000000
3.000000
1.000000
1.000000
12.000000
12.000000
12.000000
12.000000
12.000000
12.000000
12.000000
12.000000
12.000000
1.000000
2.000000
12.000000
2.000000
24.000000
12.000000
3.000000
1.000000
2.000000
2.000000
3.000000
1.000000
1.000000
1.000000
1.000000
2.000000
2.000000
2.000000
2.000000
1.000000
2.000000
3.000000
2.000000
24.000000
12.000000
3.000000
6.000000
3.000000
2.000000
1.000000
5.000000
2.000000
4.000000
1.000000
2.000000
636.000000
715.000000
764.000000
846.000000
828.000000
798.000000
858.000000
734.000000
749.000000
872.000000
673.000000
947.000000
738.000000
814.000000
849.000000
842.000000
715.000000
908.000000
778.000000
740.000000
940.000000
750.000000
886.000000
891.000000
752.000000
895.000000
851.000000
887.000000
1109.000000
909.000000
1143.000000
1026.000000
808.000000
995.000000
926.000000
588.000000
5.000000
14.000000
19.000000
18.000000
15.000000
14.000000
20.000000
9.000000
11.000000
18.000000
15.000000
14.000000
12.000000
12.000000
16.000000
14.000000
27.000000
20.000000
19.000000
17.000000
19.000000
27.000000
25.000000
16.000000
16.000000
11.000000
24.000000
60.000000
82.000000
132.000000
248.000000
178.000000
120.000000
155.000000
105.000000
115.000000
54.000000
12.000000
45.000000
91.000000
21.000000
117.000000
58.000000
40.000000
41.000000
38.000000
42.000000
24.000000
18.000000
44.000000
58.000000
54.000000
59.000000
42.000000
19.000000
28.000000
15.000000
18.000000
20.000000
13.000000
20.000000
44.000000
