70.000000
70.000000
42.000000
98.000000
70.000000
42.000000
162.000000
68388.000000
66626.000000
73986.000000
79654.000000
75488.000000
74644.000000
79224.000000
72648.000000
69342.000000
82782.000000
67506.000000
87048.000000
69926.000000
78516.000000
79200.000000
82884.000000
68238.000000
86532.000000
75408.000000
70224.000000
88398.000000
72474.000000
84640.000000
84904.000000
71016.000000
80558.000000
83846.000000
82524.000000
112944.000000
70814.000000
114204.000000
77154.000000
78292.000000
93682.000000
90004.000000
79530.000000
80850.000000
78418.000000
85278.000000
89512.000000
78406.000000
84248.000000
86286.000000
83730.000000
71074.000000
82728.000000
81402.000000
66546.000000
85320.000000
72402.000000
90852.000000
68302.000000
92130.000000
73586.000000
78054.000000
83286.000000
70416.000000
86082.000000
66756.000000
79194.000000
76778.000000
99564.000000
106298.000000
72730.000000
70248.000000
76610.000000
80082.000000
74904.000000
73338.000000
86352.000000
77472.000000
78294.000000
81654.000000
76944.000000
88234.000000
90828.000000
76194.000000
90738.000000
71530.000000
87462.000000
77526.000000
110998.000000
82016.000000
88506.000000
80326.000000
82092.000000
94892.000000
69120.000000
79438.000000
80636.000000
76908.000000
83156.000000
85106.000000
77218.000000
86282.000000
72504.000000
94350.000000
75222.000000
82496.000000
81450.000000
85034.000000
76920.000000
38352.000000
75214.000000
49162.000000
70662.000000
60990.000000
78860.000000
76314.000000
87890.000000
74000.000000
74472.000000
71814.000000
73410.000000
79734.000000
76272.000000
82296.000000
82936.000000
79876.000000
79162.000000
81214.000000
83090.000000
88932.000000
79588.000000
91504.000000
81848.000000
80960.000000
91074.000000
68922.000000
85794.000000
66946.000000
79490.000000
75058.000000
95954.000000
67830.000000
97360.000000
88716.000000
78644.000000
75578.000000
75240.000000
75972.000000
73968.000000
82092.000000
65932.000000
86826.000000
74044.000000
89838.000000
79116.000000
76074.000000
99056.000000
78518.000000
81732.000000
83934.000000
87090.000000
88640.000000
90160.000000
78040.000000
82932.000000
80646.000000
84074.000000
75970.000000
82250.000000
76410.000000
83366.000000
76788.000000
81270.000000
76094.000000
84300.000000
69854.000000
88686.000000
67654.000000
87702.000000
69054.000000
77942.000000
86224.000000
68382.000000
76398.000000
86550.000000
78810.000000
66794.000000
79044.000000
91678.000000
71562.000000
88224.000000
70098.000000
88488.000000
68112.000000
80656.000000
85734.000000
67700.000000
85374.000000
69674.000000
85962.000000
86972.000000
91994.000000
88382.000000
85570.000000
82956.000000
73730.000000
79518.000000
78228.000000
86178.000000
74946.000000
81412.000000
76166.000000
79332.000000
69882.000000
75432.000000
80658.000000
66418.000000
83208.000000
77118.000000
69082.000000
75556.000000
91874.000000
70746.000000
78444.000000
87816.000000
66062.000000
86688.000000
72270.000000
85410.000000
74510.000000
75382.000000
76206.000000
42990.000000
51564.000000
49680.000000
20586.000000
31584.000000
47000.000000
27236.000000
31932.000000
42500.000000
53394.000000
72990.000000
66336.000000
70958.000000
78010.000000
80962.000000
75290.000000
74352.000000
74664.000000
71550.000000
83746.000000
81780.000000
76596.000000
82716.000000
75510.000000
84972.000000
73668.000000
84408.000000
73312.000000
75282.000000
73398.000000
83054.000000
75570.000000
66738.000000
78306.000000
68630.000000
84036.000000
73056.000000
71896.000000
72216.000000
90270.000000
71316.000000
80862.000000
70284.000000
84246.000000
69500.000000
84306.000000
69898.000000
78402.000000
84138.000000
69790.000000
86754.000000
72152.000000
81020.000000
72584.000000
82434.000000
72738.000000
73776.000000
82766.000000
81172.000000
85992.000000
86384.000000
83218.000000
89188.000000
75896.000000
89324.000000
69826.000000
87342.000000
70132.000000
80924.000000
85926.000000
68586.000000
85728.000000
69990.000000
73282.000000
80866.000000
24324.000000
70.000000
70.000000
62424.000000
65138.000000
73662.000000
79438.000000
75542.000000
74644.000000
80304.000000
71946.000000
69558.000000
82134.000000
67992.000000
88398.000000
68846.000000
78072.000000
79998.000000
82206.000000
69102.000000
85884.000000
74868.000000
71412.000000
86886.000000
74688.000000
85234.000000
82404.000000
74028.000000
80450.000000
80880.000000
83538.000000
104144.000000
82310.000000
106332.000000
89100.000000
77266.000000
92710.000000
85024.000000
86364.000000
73152.000000
79456.000000
83112.000000
93880.000000
73612.000000
84590.000000
88470.000000
81852.000000
71764.000000
82176.000000
83088.000000
65358.000000
84930.000000
73884.000000
88206.000000
33420.000000
64288.000000
209380.000000
209702.000000
209568.000000
209566.000000
210332.000000
210128.000000
210482.000000
210320.000000
210574.000000
209096.000000
205842.000000
205658.000000
198362.000000
204842.000000
205068.000000
204434.000000
204066.000000
201774.000000
196552.000000
190764.000000
200456.000000
203858.000000
190928.000000
198042.000000
194112.000000
193786.000000
196198.000000
198924.000000
199564.000000
197316.000000
204292.000000
184056.000000
196364.000000
177624.000000
194624.000000
205680.000000
203580.000000
203032.000000
189496.000000
198392.000000
199700.000000
189564.000000
192024.000000
196568.000000
196000.000000
203156.000000
198256.000000
195556.000000
195952.000000
198352.000000
187604.000000
197452.000000
196408.000000
185340.000000
185460.000000
21976.000000
44.000000
44.000000
80.000000
88.000000
80.000000
128.000000
128.000000
124.000000
44.000000
40.000000
40.000000
44.000000
58624.000000
208780.000000
210320.000000
209488.000000
209856.000000
209368.000000
210112.000000
209872.000000
210384.000000
211032.000000
210112.000000
187232.000000
201248.000000
187044.000000
181604.000000
199148.000000
191592.000000
196560.000000
191900.000000
185304.000000
175180.000000
183324.000000
200240.000000
186744.000000
188412.000000
175412.000000
196144.000000
194868.000000
199300.000000
201624.000000
202228.000000
204148.000000
200316.000000
188868.000000
202424.000000
207048.000000
195664.000000
202640.000000
189324.000000
192276.000000
200216.000000
204256.000000
203276.000000
192884.000000
191816.000000
195884.000000
176172.000000
178480.000000
172636.000000
195844.000000
185156.000000
167124.000000
112264.000000
40.000000
112.000000
40.000000
44.000000
44.000000
80.000000
88.000000
80.000000
44.000000
44.000000
40.000000
40.000000
44.000000
44.000000
206992.000000
209816.000000
210120.000000
210024.000000
210240.000000
209560.000000
210076.000000
209580.000000
210224.000000
209296.000000
197288.000000
201064.000000
206392.000000
187340.000000
189056.000000
183516.000000
201444.000000
190956.000000
187144.000000
190152.000000
180484.000000
195268.000000
194508.000000
200572.000000
192496.000000
197708.000000
195768.000000
191948.000000
189812.000000
191824.000000
193484.000000
189124.000000
188252.000000
172224.000000
159960.000000
182392.000000
176664.000000
195644.000000
185388.000000
189496.000000
186072.000000
193348.000000
198420.000000
193832.000000
190552.000000
193664.000000
159580.000000
196672.000000
191444.000000
191816.000000
32752.000000
44.000000
44.000000
40.000000
40.000000
44.000000
44.000000
40.000000
40.000000
44.000000
44.000000
40.000000
40.000000
44.000000
44432.000000
209028.000000
209456.000000
210060.000000
210324.000000
210912.000000
209924.000000
210320.000000
209604.000000
210456.000000
210296.000000
199784.000000
193688.000000
201728.000000
204696.000000
192136.000000
198124.000000
194628.000000
203448.000000
197288.000000
200616.000000
208264.000000
193364.000000
204072.000000
200896.000000
202080.000000
203528.000000
200580.000000
196752.000000
197396.000000
204396.000000
204176.000000
202088.000000
203248.000000
196824.000000
198924.000000
188860.000000
192836.000000
197556.000000
191416.000000
192328.000000
189788.000000
193292.000000
199696.000000
196600.000000
196936.000000
202936.000000
184552.000000
199952.000000
195928.000000
200792.000000
137280.000000
40.000000
40.000000
80.000000
88.000000
88.000000
40.000000
40.000000
40.000000
40.000000
48.000000
40.000000
40.000000
48.000000
40.000000
163424.000000
209888.000000
210352.000000
210360.000000
210496.000000
210600.000000
210104.000000
209480.000000
211224.000000
209504.000000
199144.000000
204048.000000
208392.000000
201088.000000
198200.000000
200400.000000
198656.000000
203728.000000
194776.000000
193448.000000
194304.000000
196448.000000
207880.000000
205488.000000
207152.000000
205048.000000
197312.000000
191568.000000
189048.000000
195904.000000
194672.000000
200144.000000
205592.000000
204920.000000
195168.000000
194632.000000
200456.000000
187200.000000
184992.000000
166544.000000
200008.000000
185960.000000
199712.000000
194224.000000
144448.000000
183456.000000
191920.000000
192336.000000
194608.000000
201144.000000
187824.000000
193560.000000
53512.000000
40.000000
48.000000
40.000000
40.000000
40.000000
40.000000
48.000000
40.000000
40.000000
48.000000
40.000000
40.000000
40.000000
40.000000
48.000000
40.000000
40.000000
86400.000000
209592.000000
210328.000000
210368.000000
210584.000000
210184.000000
210128.000000
210144.000000
210152.000000
209864.000000
209368.000000
205296.000000
207096.000000
201520.000000
179904.000000
190912.000000
194608.000000
181784.000000
199808.000000
194144.000000
198416.000000
192336.000000
199216.000000
199008.000000
198456.000000
197824.000000
192064.000000
199128.000000
190608.000000
199208.000000
207184.000000
195288.000000
194424.000000
193248.000000
203136.000000
200224.000000
199568.000000
200336.000000
196416.000000
196624.000000
196864.000000
204176.000000
202600.000000
151704.000000
40.000000
40.000000
40.000000
40.000000
48.000000
40.000000
40.000000
48.000000
40.000000
40.000000
40.000000
40.000000
48.000000
40.000000
40.000000
48.000000
40.000000
219288.000000
209576.000000
210120.000000
209368.000000
210512.000000
210008.000000
209376.000000
209080.000000
210032.000000
210584.000000
205176.000000
195512.000000
204600.000000
198648.000000
200712.000000
206984.000000
201144.000000
202008.000000
198800.000000
199032.000000
197824.000000
202048.000000
201688.000000
203392.000000
178976.000000
196352.000000
202568.000000
198488.000000
200872.000000
195256.000000
196024.000000
186200.000000
195296.000000
201712.000000
204752.000000
202336.000000
186760.000000
192176.000000
195736.000000
203584.000000
198056.000000
193304.000000
191128.000000
38520.000000
40.000000
40.000000
48.000000
40.000000
40.000000
40.000000
40.000000
48.000000
40.000000
40.000000
48.000000
40.000000
40.000000
40.000000
40.000000
48.000000
40.000000
88.000000
55328.000000
209096.000000
209720.000000
210576.000000
210704.000000
209712.000000
209976.000000
209992.000000
210616.000000
209728.000000
209728.000000
207872.000000
206672.000000
203688.000000
199576.000000
197448.000000
196424.000000
196528.000000
192712.000000
204064.000000
199648.000000
191904.000000
203408.000000
197776.000000
196848.000000
198544.000000
200872.000000
201208.000000
191568.000000
196464.000000
195864.000000
201128.000000
201072.000000
200512.000000
200736.000000
198248.000000
207824.000000
201640.000000
192432.000000
197728.000000
200816.000000
202528.000000
125584.000000
48.000000
40.000000
40.000000
40.000000
40.000000
48.000000
40.000000
40.000000
48.000000
40.000000
40.000000
40.000000
40.000000
48.000000
40.000000
40.000000
48.000000
40.000000
40.000000
95248.000000
209520.000000
209592.000000
209784.000000
210752.000000
210416.000000
210696.000000
209832.000000
146872.000000
960.000000
464.000000
72.000000
64.000000
72.000000
72.000000
72.000000
72.000000
64.000000
72.000000
72.000000
64.000000
72.000000
72.000000
72.000000
72.000000
64.000000
72.000000
72.000000
64.000000
72.000000
72.000000
72.000000
72.000000
64.000000
72.000000
72.000000
64.000000
72.000000
72.000000
72.000000
72.000000
64.000000
72.000000
72.000000
29792.000000
33488.000000
30352.000000
38992.000000
41936.000000
47408.000000
45024.000000
47472.000000
51472.000000
48368.000000
48704.000000
49760.000000
47808.000000
44848.000000
6728.000000
40.000000
48.000000
8032.000000
1040.000000
40.000000
29768.000000
40744.000000
19792.000000
2568.000000
3696.000000
3744.000000
3744.000000
40.000000
40.000000
9376.000000
448.000000
40.000000
3704.000000
40.000000
3704.000000
40.000000
72.000000
3696.000000
40.000000
266.000000
250.000000
70.000000
70.000000
70.000000
3312.000000
25280.000000
26232.000000
27979.000000
29951.000000
29039.000000
22944.000000
25915.000000
22599.000000
27290.000000
24136.000000
24313.000000
25712.000000
25797.000000
25425.000000
24200.000000
24082.000000
22737.000000
25381.000000
20411.000000
70.000000
70.000000
70.000000
70.000000
70.000000
2681.000000
2368.000000
5043.000000
5431.000000
5699.000000
4871.000000
6453.000000
4519.000000
6071.000000
6017.000000
370.000000
3983.000000
74.000000
84.000000
548.000000
902.000000
680.000000
878.000000
754.000000
606.000000
98.000000
680.000000
548.000000
18379.000000
4282.000000
21825.000000
70.000000
70.000000
70.000000
170.000000
548.000000
42.000000
70.000000
680.000000
614.000000
548.000000
266.000000
160.000000
90.000000
70.000000
70.000000
238.000000
70.000000
426.000000
90.000000
714.000000
70.000000
126.000000
70.000000
70.000000
548.000000
70.000000
1028.000000
42.000000
70.000000
548.000000
42.000000
614.000000
42.000000
70.000000
878.000000
878.000000
878.000000
878.000000
878.000000
1006.000000
878.000000
878.000000
878.000000
74.000000
804.000000
878.000000
70.000000
714.000000
126.000000
70.000000
70.000000
202.000000
618.000000
144.000000
1382.000000
74.000000
1090.000000
128.000000
1024.000000
1364.000000
42.000000
968.000000
128.000000
1254.000000
684.000000
968.000000
714.000000
196.000000
70.000000
42.000000
70.000000
70.000000
70.000000
1192.000000
42.000000
42.000000
70.000000
42.000000
79188.000000
83264.000000
94728.000000
103020.000000
97262.000000
95282.000000
104574.000000
93390.000000
88766.000000
107076.000000
87660.000000
114828.000000
88544.000000
101106.000000
103644.000000
106512.000000
89556.000000
111336.000000
96618.000000
92748.000000
113586.000000
96108.000000
108426.000000
107460.000000
95646.000000
103946.000000
103872.000000
109968.000000
132881.000000
109790.000000
137684.000000
118999.000000
99804.000000
119890.000000
106902.000000
71694.000000
34452.000000
66110.000000
74904.000000
77764.000000
75434.000000
76012.000000
79302.000000
71232.000000
69744.000000
82566.000000
71016.000000
84348.000000
74084.000000
80016.000000
78732.000000
77802.000000
75058.000000
78740.000000
75720.000000
77016.000000
84102.000000
82080.000000
85484.000000
75194.000000
86298.000000
74640.000000
80138.000000
85512.000000
87602.000000
99338.000000
83004.000000
118182.000000
69316.000000
77620.000000
83950.000000
94374.000000
68244.000000
81578.000000
82504.000000
92840.000000
68956.000000
90548.000000
88860.000000
84234.000000
71788.000000
80958.000000
81648.000000
69354.000000
82062.000000
76104.000000
83478.000000
75808.000000
87072.000000
76826.000000
82260.000000
79266.000000
76302.000000
79146.000000
75132.000000
79356.000000
79590.000000
92824.000000
